<?xml version="1.0" encoding="UTF-8"?>
<!-- Generated by org.testng.reporters.JUnitReportReporter -->
<testsuite hostname="DESKTOP-HPK8B5V" failures="0" tests="5" name="com.epam.tc.hw1.DivideTest" time="0.016" errors="0" timestamp="2022-02-18T12:37:54 MSK" skipped="0">
  <testcase classname="com.epam.tc.hw1.DivideTest" name="testDivide" time="0.000"/>
  <system-out/>
  <testcase classname="com.epam.tc.hw1.DivideTest" name="testDivide" time="0.000"/>
  <system-out/>
  <testcase classname="com.epam.tc.hw1.DivideTest" name="testDivide" time="0.000"/>
  <system-out/>
  <testcase classname="com.epam.tc.hw1.DivideTest" name="testDivide" time="0.000"/>
  <system-out/>
  <testcase classname="com.epam.tc.hw1.DivideTest" name="testDivide" time="0.016"/>
  <system-out/>
</testsuite> <!-- com.epam.tc.hw1.DivideTest -->
