<?xml version="1.0" encoding="UTF-8"?>
<testsuite xmlns:xsi="http://www.w3.org/2001/XMLSchema-instance" xsi:noNamespaceSchemaLocation="https://maven.apache.org/surefire/maven-surefire-plugin/xsd/surefire-test-report-3.0.xsd" version="3.0" name="TestSuite" time="0.457" tests="10" errors="0" skipped="0" failures="0">
  <properties>
    <property name="java.specification.version" value="17"/>
    <property name="sun.cpu.isalist" value="amd64"/>
    <property name="sun.jnu.encoding" value="Cp1251"/>
    <property name="java.class.path" value="C:\Users\EVA Unit-11\Desktop\EPAM\selenium\HW1. Unit Frameworks\HW1\target\test-classes;C:\Users\EVA Unit-11\Desktop\EPAM\selenium\HW1. Unit Frameworks\HW1\target\classes;C:\Users\EVA Unit-11\Desktop\EPAM\selenium\HW1. Unit Frameworks\HW1\src\test\resources\calculator\calculator-1.0.jar;C:\Users\EVA Unit-11\.m2\repository\org\testng\testng\7.5\testng-7.5.jar;C:\Users\EVA Unit-11\.m2\repository\com\google\code\findbugs\jsr305\3.0.1\jsr305-3.0.1.jar;C:\Users\EVA Unit-11\.m2\repository\org\slf4j\slf4j-api\1.7.32\slf4j-api-1.7.32.jar;C:\Users\EVA Unit-11\.m2\repository\com\beust\jcommander\1.78\jcommander-1.78.jar;C:\Users\EVA Unit-11\.m2\repository\org\webjars\jquery\3.5.1\jquery-3.5.1.jar;C:\Users\EVA Unit-11\.m2\repository\org\assertj\assertj-core\3.22.0\assertj-core-3.22.0.jar;"/>
    <property name="java.vm.vendor" value="Oracle Corporation"/>
    <property name="sun.arch.data.model" value="64"/>
    <property name="user.variant" value=""/>
    <property name="java.vendor.url" value="https://java.oracle.com/"/>
    <property name="user.timezone" value="Europe/Moscow"/>
    <property name="os.name" value="Windows 10"/>
    <property name="java.vm.specification.version" value="17"/>
    <property name="sun.java.launcher" value="SUN_STANDARD"/>
    <property name="user.country" value="RU"/>
    <property name="sun.boot.library.path" value="C:\Program Files\Java\jdk-17.0.1\bin"/>
    <property name="sun.java.command" value="C:\Users\EVA Unit-11\AppData\Local\Temp\surefire7125856513062042014\surefirebooter15458560894597840715.jar C:\Users\EVA Unit-11\AppData\Local\Temp\surefire7125856513062042014 2022-02-18T12-41-09_331-jvmRun1 surefire15705089785745164490tmp surefire_011629209851377544563tmp"/>
    <property name="jdk.debug" value="release"/>
    <property name="surefire.test.class.path" value="C:\Users\EVA Unit-11\Desktop\EPAM\selenium\HW1. Unit Frameworks\HW1\target\test-classes;C:\Users\EVA Unit-11\Desktop\EPAM\selenium\HW1. Unit Frameworks\HW1\target\classes;C:\Users\EVA Unit-11\Desktop\EPAM\selenium\HW1. Unit Frameworks\HW1\src\test\resources\calculator\calculator-1.0.jar;C:\Users\EVA Unit-11\.m2\repository\org\testng\testng\7.5\testng-7.5.jar;C:\Users\EVA Unit-11\.m2\repository\com\google\code\findbugs\jsr305\3.0.1\jsr305-3.0.1.jar;C:\Users\EVA Unit-11\.m2\repository\org\slf4j\slf4j-api\1.7.32\slf4j-api-1.7.32.jar;C:\Users\EVA Unit-11\.m2\repository\com\beust\jcommander\1.78\jcommander-1.78.jar;C:\Users\EVA Unit-11\.m2\repository\org\webjars\jquery\3.5.1\jquery-3.5.1.jar;C:\Users\EVA Unit-11\.m2\repository\org\assertj\assertj-core\3.22.0\assertj-core-3.22.0.jar;"/>
    <property name="sun.cpu.endian" value="little"/>
    <property name="user.home" value="C:\Users\EVA Unit-11"/>
    <property name="user.language" value="ru"/>
    <property name="java.specification.vendor" value="Oracle Corporation"/>
    <property name="java.version.date" value="2021-10-19"/>
    <property name="java.home" value="C:\Program Files\Java\jdk-17.0.1"/>
    <property name="file.separator" value="\"/>
    <property name="basedir" value="C:\Users\EVA Unit-11\Desktop\EPAM\selenium\HW1. Unit Frameworks\HW1"/>
    <property name="java.vm.compressedOopsMode" value="32-bit"/>
    <property name="line.separator" value="&#10;"/>
    <property name="java.vm.specification.vendor" value="Oracle Corporation"/>
    <property name="java.specification.name" value="Java Platform API Specification"/>
    <property name="surefire.real.class.path" value="C:\Users\EVA Unit-11\AppData\Local\Temp\surefire7125856513062042014\surefirebooter15458560894597840715.jar"/>
    <property name="user.script" value=""/>
    <property name="sun.management.compiler" value="HotSpot 64-Bit Tiered Compilers"/>
    <property name="java.runtime.version" value="17.0.1+12-LTS-39"/>
    <property name="user.name" value="EVA Unit-11"/>
    <property name="path.separator" value=";"/>
    <property name="os.version" value="10.0"/>
    <property name="java.runtime.name" value="Java(TM) SE Runtime Environment"/>
    <property name="file.encoding" value="Cp1251"/>
    <property name="java.vm.name" value="Java HotSpot(TM) 64-Bit Server VM"/>
    <property name="localRepository" value="C:\Users\EVA Unit-11\.m2\repository"/>
    <property name="java.vendor.url.bug" value="https://bugreport.java.com/bugreport/"/>
    <property name="java.io.tmpdir" value="C:\Users\EVAUNI~1\AppData\Local\Temp\"/>
    <property name="idea.version" value="2021.2.3"/>
    <property name="java.version" value="17.0.1"/>
    <property name="user.dir" value="C:\Users\EVA Unit-11\Desktop\EPAM\selenium\HW1. Unit Frameworks\HW1"/>
    <property name="os.arch" value="amd64"/>
    <property name="java.vm.specification.name" value="Java Virtual Machine Specification"/>
    <property name="sun.os.patch.level" value=""/>
    <property name="native.encoding" value="Cp1251"/>
    <property name="java.library.path" value="C:\Program Files\Java\jdk-17.0.1\bin;C:\Windows\Sun\Java\bin;C:\Windows\system32;C:\Windows;C:\Program Files\Common Files\Oracle\Java\javapath;C:\Windows\system32;C:\Windows;C:\Windows\System32\Wbem;C:\Windows\System32\WindowsPowerShell\v1.0\;C:\Windows\System32\OpenSSH\;C:\Program Files\Git\cmd;C:\Program Files\Drivers\apache-maven-3.8.4\bin;C:\Program Files\Drivers\apache-maven-3.8.4\bin;C:\Program Files\Java\jdk-17.0.1\bin;C:\Program Files\MySQL\MySQL Shell 8.0\bin\;C:\Users\EVA Unit-11\AppData\Local\Microsoft\WindowsApps;;C:\Users\EVA Unit-11\AppData\Local\Programs\Microsoft VS Code\bin;."/>
    <property name="java.vm.info" value="mixed mode, sharing"/>
    <property name="java.vendor" value="Oracle Corporation"/>
    <property name="java.vm.version" value="17.0.1+12-LTS-39"/>
    <property name="sun.io.unicode.encoding" value="UnicodeLittle"/>
    <property name="java.class.version" value="61.0"/>
  </properties>
  <testcase name="testAdd[0, 5, 5](1)" classname="com.epam.tc.hw1.AddTest" time="0.047">
    <system-err><![CDATA[SLF4J: Failed to load class "org.slf4j.impl.StaticLoggerBinder".
SLF4J: Defaulting to no-operation (NOP) logger implementation
SLF4J: See http://www.slf4j.org/codes.html#StaticLoggerBinder for further details.
]]></system-err>
  </testcase>
  <testcase name="testAdd[5, 3, 8](2)" classname="com.epam.tc.hw1.AddTest" time="0"/>
  <testcase name="testAdd[0, 0, 0](3)" classname="com.epam.tc.hw1.AddTest" time="0"/>
  <testcase name="testAdd[-3, 3, 0](4)" classname="com.epam.tc.hw1.AddTest" time="0"/>
  <testcase name="testAdd[1000, 500, 1500](5)" classname="com.epam.tc.hw1.AddTest" time="0"/>
  <testcase name="testSubtract[6, 5, 1](1)" classname="com.epam.tc.hw1.SubtractTest" time="0"/>
  <testcase name="testSubtract[-5, 3, -8](2)" classname="com.epam.tc.hw1.SubtractTest" time="0"/>
  <testcase name="testSubtract[0, 0, 0](3)" classname="com.epam.tc.hw1.SubtractTest" time="0"/>
  <testcase name="testSubtract[4, -3, 7](4)" classname="com.epam.tc.hw1.SubtractTest" time="0"/>
  <testcase name="testSubtract[-1000, -500, -500](5)" classname="com.epam.tc.hw1.SubtractTest" time="0"/>
</testsuite>